<?xml version="1.0" encoding="UTF-8"?>
<coverage generated="1785156929625" clover="3.2.0">
  <project timestamp="1785156929626" name="All files">
    <metrics statements="91" coveredstatements="81" conditionals="29" coveredconditionals="17" methods="53" coveredmethods="41" elements="173" coveredelements="139" complexity="0" loc="91" ncloc="91" packages="4" files="14" classes="14"/>
    <package name="components">
      <metrics statements="47" coveredstatements="38" conditionals="18" coveredconditionals="10" methods="27" coveredmethods="18"/>
      <file name="AddTodoForm.tsx" path="/home/yochan/programacionIII/Modulo 4/vitest/todo-app/src/components/AddTodoForm.tsx">
        <metrics statements="11" coveredstatements="11" conditionals="2" coveredconditionals="1" methods="4" coveredmethods="4"/>
        <line num="9" count="28" type="stmt"/>
        <line num="10" count="28" type="stmt"/>
        <line num="12" count="28" type="stmt"/>
        <line num="15" count="1" type="stmt"/>
        <line num="16" count="1" type="cond" truecount="1" falsecount="1"/>
        <line num="19" count="1" type="stmt"/>
        <line num="22" count="1" type="stmt"/>
        <line num="23" count="1" type="stmt"/>
        <line num="26" count="28" type="stmt"/>
        <line num="33" count="13" type="stmt"/>
        <line num="41" count="12" type="stmt"/>
      </file>
      <file name="GoodBye.tsx" path="/home/yochan/programacionIII/Modulo 4/vitest/todo-app/src/components/GoodBye.tsx">
        <metrics statements="1" coveredstatements="0" conditionals="0" coveredconditionals="0" methods="1" coveredmethods="0"/>
        <line num="8" count="0" type="stmt"/>
      </file>
      <file name="Hello.tsx" path="/home/yochan/programacionIII/Modulo 4/vitest/todo-app/src/components/Hello.tsx">
        <metrics statements="1" coveredstatements="0" conditionals="0" coveredconditionals="0" methods="1" coveredmethods="0"/>
        <line num="8" count="0" type="stmt"/>
      </file>
      <file name="LoginForm.tsx" path="/home/yochan/programacionIII/Modulo 4/vitest/todo-app/src/components/LoginForm.tsx">
        <metrics statements="7" coveredstatements="4" conditionals="0" coveredconditionals="0" methods="4" coveredmethods="2"/>
        <line num="9" count="6" type="stmt"/>
        <line num="10" count="6" type="stmt"/>
        <line num="13" count="0" type="stmt"/>
        <line num="14" count="0" type="stmt"/>
        <line num="17" count="6" type="stmt"/>
        <line num="26" count="0" type="stmt"/>
        <line num="35" count="1" type="stmt"/>
      </file>
      <file name="TodoApp.tsx" path="/home/yochan/programacionIII/Modulo 4/vitest/todo-app/src/components/TodoApp.tsx">
        <metrics statements="4" coveredstatements="4" conditionals="0" coveredconditionals="0" methods="5" coveredmethods="3"/>
        <line num="8" count="2" type="stmt"/>
        <line num="10" count="2" type="stmt"/>
        <line num="11" count="1" type="stmt"/>
        <line num="14" count="2" type="stmt"/>
      </file>
      <file name="TodoItem.tsx" path="/home/yochan/programacionIII/Modulo 4/vitest/todo-app/src/components/TodoItem.tsx">
        <metrics statements="3" coveredstatements="1" conditionals="2" coveredconditionals="2" methods="3" coveredmethods="1"/>
        <line num="11" count="14" type="stmt"/>
        <line num="17" count="0" type="stmt"/>
        <line num="31" count="0" type="stmt"/>
      </file>
      <file name="TodoList.tsx" path="/home/yochan/programacionIII/Modulo 4/vitest/todo-app/src/components/TodoList.tsx">
        <metrics statements="4" coveredstatements="4" conditionals="2" coveredconditionals="2" methods="2" coveredmethods="2"/>
        <line num="13" count="5" type="cond" truecount="2" falsecount="0"/>
        <line num="14" count="2" type="stmt"/>
        <line num="17" count="3" type="stmt"/>
        <line num="20" count="7" type="stmt"/>
      </file>
      <file name="TodoLoader.tsx" path="/home/yochan/programacionIII/Modulo 4/vitest/todo-app/src/components/TodoLoader.tsx">
        <metrics statements="16" coveredstatements="14" conditionals="12" coveredconditionals="5" methods="7" coveredmethods="6"/>
        <line num="8" count="5" type="stmt"/>
        <line num="9" count="5" type="stmt"/>
        <line num="10" count="5" type="stmt"/>
        <line num="12" count="5" type="stmt"/>
        <line num="13" count="3" type="stmt"/>
        <line num="15" count="3" type="stmt"/>
        <line num="17" count="2" type="cond" truecount="1" falsecount="1"/>
        <line num="21" count="0" type="cond" truecount="0" falsecount="2"/>
        <line num="22" count="0" type="cond" truecount="0" falsecount="2"/>
        <line num="26" count="2" type="cond" truecount="1" falsecount="1"/>
        <line num="29" count="3" type="stmt"/>
        <line num="30" count="3" type="stmt"/>
        <line num="34" count="5" type="cond" truecount="2" falsecount="0"/>
        <line num="35" count="2" type="cond" truecount="1" falsecount="1"/>
        <line num="37" count="2" type="stmt"/>
        <line num="40" count="5" type="stmt"/>
      </file>
    </package>
    <package name="hooks">
      <metrics statements="29" coveredstatements="29" conditionals="7" coveredconditionals="4" methods="19" coveredmethods="17"/>
      <file name="useAuth.ts" path="/home/yochan/programacionIII/Modulo 4/vitest/todo-app/src/hooks/useAuth.ts">
        <metrics statements="7" coveredstatements="7" conditionals="0" coveredconditionals="0" methods="3" coveredmethods="3"/>
        <line num="6" count="6" type="stmt"/>
        <line num="8" count="6" type="stmt"/>
        <line num="10" count="2" type="stmt"/>
        <line num="13" count="6" type="stmt"/>
        <line num="14" count="1" type="stmt"/>
        <line num="17" count="6" type="stmt"/>
        <line num="19" count="6" type="stmt"/>
      </file>
      <file name="useTodos.ts" path="/home/yochan/programacionIII/Modulo 4/vitest/todo-app/src/hooks/useTodos.ts">
        <metrics statements="22" coveredstatements="22" conditionals="7" coveredconditionals="4" methods="16" coveredmethods="14"/>
        <line num="5" count="1" type="stmt"/>
        <line num="8" count="2" type="stmt"/>
        <line num="12" count="11" type="stmt"/>
        <line num="13" count="11" type="stmt"/>
        <line num="15" count="11" type="stmt"/>
        <line num="16" count="2" type="stmt"/>
        <line num="19" count="11" type="stmt"/>
        <line num="20" count="2" type="stmt"/>
        <line num="21" count="2" type="cond" truecount="1" falsecount="1"/>
        <line num="25" count="11" type="stmt"/>
        <line num="26" count="3" type="stmt"/>
        <line num="30" count="11" type="stmt"/>
        <line num="31" count="11" type="cond" truecount="1" falsecount="1"/>
        <line num="32" count="11" type="cond" truecount="1" falsecount="1"/>
        <line num="33" count="11" type="stmt"/>
        <line num="36" count="11" type="stmt"/>
        <line num="41" count="1" type="stmt"/>
        <line num="42" count="2" type="stmt"/>
        <line num="45" count="1" type="stmt"/>
        <line num="46" count="1" type="stmt"/>
        <line num="50" count="1" type="stmt"/>
        <line num="51" count="1" type="stmt"/>
      </file>
    </package>
    <package name="interactions">
      <metrics statements="11" coveredstatements="11" conditionals="4" coveredconditionals="3" methods="6" coveredmethods="6"/>
      <file name="AddTodoFormInteraction.tsx" path="/home/yochan/programacionIII/Modulo 4/vitest/todo-app/src/interactions/AddTodoFormInteraction.tsx">
        <metrics statements="8" coveredstatements="8" conditionals="2" coveredconditionals="1" methods="3" coveredmethods="3"/>
        <line num="9" count="27" type="stmt"/>
        <line num="12" count="2" type="stmt"/>
        <line num="13" count="2" type="stmt"/>
        <line num="14" count="2" type="cond" truecount="1" falsecount="1"/>
        <line num="15" count="2" type="stmt"/>
        <line num="16" count="2" type="stmt"/>
        <line num="19" count="27" type="stmt"/>
        <line num="25" count="24" type="stmt"/>
      </file>
      <file name="TodoItemInteraction.tsx" path="/home/yochan/programacionIII/Modulo 4/vitest/todo-app/src/interactions/TodoItemInteraction.tsx">
        <metrics statements="3" coveredstatements="3" conditionals="2" coveredconditionals="2" methods="3" coveredmethods="3"/>
        <line num="11" count="3" type="stmt"/>
        <line num="17" count="1" type="stmt"/>
        <line num="22" count="1" type="stmt"/>
      </file>
    </package>
    <package name="test.mocks">
      <metrics statements="4" coveredstatements="3" conditionals="0" coveredconditionals="0" methods="1" coveredmethods="0"/>
      <file name="handlers.ts" path="/home/yochan/programacionIII/Modulo 4/vitest/todo-app/src/test/mocks/handlers.ts">
        <metrics statements="3" coveredstatements="2" conditionals="0" coveredconditionals="0" methods="1" coveredmethods="0"/>
        <line num="6" count="17" type="stmt"/>
        <line num="11" count="17" type="stmt"/>
        <line num="14" count="0" type="stmt"/>
      </file>
      <file name="server.ts" path="/home/yochan/programacionIII/Modulo 4/vitest/todo-app/src/test/mocks/server.ts">
        <metrics statements="1" coveredstatements="1" conditionals="0" coveredconditionals="0" methods="0" coveredmethods="0"/>
        <line num="6" count="17" type="stmt"/>
      </file>
    </package>
  </project>
</coverage>
